c:\users\samona\desktop\내려가기 게임\descendinggame\descendinggame\debug\descendinggame.pch
c:\users\samona\desktop\내려가기 게임\descendinggame\descendinggame\debug\vc141.pdb
c:\users\samona\desktop\내려가기 게임\descendinggame\descendinggame\debug\vc141.idb
c:\users\samona\desktop\내려가기 게임\descendinggame\descendinggame\debug\stdafx.obj
c:\users\samona\desktop\내려가기 게임\descendinggame\descendinggame\debug\text.obj
c:\users\samona\desktop\내려가기 게임\descendinggame\descendinggame\debug\sound.obj
c:\users\samona\desktop\내려가기 게임\descendinggame\descendinggame\debug\screen.obj
c:\users\samona\desktop\내려가기 게임\descendinggame\descendinggame\debug\player.obj
c:\users\samona\desktop\내려가기 게임\descendinggame\descendinggame\debug\object.obj
c:\users\samona\desktop\내려가기 게임\descendinggame\descendinggame\debug\menu.obj
c:\users\samona\desktop\내려가기 게임\descendinggame\descendinggame\debug\edit.obj
c:\users\samona\desktop\내려가기 게임\descendinggame\descendinggame\debug\descendinggame.obj
c:\users\samona\desktop\내려가기 게임\descendinggame\descendinggame\debug\map.obj
c:\users\samona\desktop\내려가기 게임\descendinggame\descendinggame\debug\play.obj
c:\users\samona\desktop\내려가기 게임\descendinggame\descendinggame\debug\skill.obj
c:\users\samona\desktop\내려가기 게임\descendinggame\debug\descendinggame.exe
c:\users\samona\desktop\내려가기 게임\descendinggame\debug\descendinggame.ilk
c:\users\samona\desktop\내려가기 게임\descendinggame\debug\descendinggame.pdb
c:\users\samona\desktop\내려가기 게임\descendinggame\descendinggame\debug\descendinggame.obj.enc
c:\users\samona\desktop\내려가기 게임\descendinggame\descendinggame\debug\descendinggame.tlog\cl.command.1.tlog
c:\users\samona\desktop\내려가기 게임\descendinggame\descendinggame\debug\descendinggame.tlog\cl.read.1.tlog
c:\users\samona\desktop\내려가기 게임\descendinggame\descendinggame\debug\descendinggame.tlog\cl.write.1.tlog
c:\users\samona\desktop\내려가기 게임\descendinggame\descendinggame\debug\descendinggame.tlog\link.command.1.tlog
c:\users\samona\desktop\내려가기 게임\descendinggame\descendinggame\debug\descendinggame.tlog\link.read.1.tlog
c:\users\samona\desktop\내려가기 게임\descendinggame\descendinggame\debug\descendinggame.tlog\link.write.1.tlog
